<<<<<<< HEAD
﻿Build started 15/12/2017 06:48:55 م.
     1>Project "G:\graphics_project\TheNightmare\TheNightmare\TheNightmare.vcxproj" on node 2 (Build target(s)).
     1>ClCompile:
         C:\Program Files (x86)\Microsoft Visual Studio 14.0\VC\bin\CL.exe /c /ZI /nologo /W3 /WX- /sdl /Od /Oy- /D _MBCS /Gm /EHsc /RTC1 /MDd /GS /fp:precise /Zc:wchar_t /Zc:forScope /Zc:inline /Fo"Debug\\" /Fd"Debug\vc140.pdb" /Gd /TP /analyze- /errorReport:prompt GameManager.cpp
         GameManager.cpp
     1>g:\graphics_project\thenightmare\include\learnopengl\shader_m.h(53): warning C4101: 'infoLog': unreferenced local variable
     1>g:\graphics_project\thenightmare\include\learnopengl\shader_m.h(52): warning C4101: 'success': unreferenced local variable
     1>g:\graphics_project\thenightmare\thenightmare\gamemanager.cpp(18): warning C4244: 'argument': conversion from 'time_t' to 'unsigned int', possible loss of data
     1>g:\graphics_project\thenightmare\thenightmare\gamemanager.cpp(46): warning C4018: '<': signed/unsigned mismatch
     1>g:\graphics_project\thenightmare\thenightmare\gamemanager.cpp(126): warning C4244: '=': conversion from 'double' to 'float', possible loss of data
     1>g:\graphics_project\thenightmare\thenightmare\gamemanager.cpp(127): warning C4244: '=': conversion from 'double' to 'float', possible loss of data
     1>g:\graphics_project\thenightmare\thenightmare\gamemanager.cpp(131): warning C4244: 'initializing': conversion from 'double' to 'float', possible loss of data
     1>g:\graphics_project\thenightmare\thenightmare\gamemanager.cpp(132): warning C4244: 'initializing': conversion from 'double' to 'float', possible loss of data
     1>g:\graphics_project\thenightmare\thenightmare\gamemanager.cpp(134): warning C4244: '=': conversion from 'double' to 'float', possible loss of data
     1>g:\graphics_project\thenightmare\thenightmare\gamemanager.cpp(135): warning C4244: '=': conversion from 'double' to 'float', possible loss of data
     1>g:\graphics_project\thenightmare\thenightmare\gamemanager.cpp(144): warning C4244: 'argument': conversion from 'double' to 'float', possible loss of data
     1>g:\graphics_project\thenightmare\thenightmare\gamemanager.cpp(259): warning C4244: '=': conversion from 'double' to 'float', possible loss of data
     1>g:\graphics_project\thenightmare\thenightmare\gamemanager.cpp(260): warning C4244: 'initializing': conversion from 'double' to 'float', possible loss of data
     1>g:\graphics_project\thenightmare\thenightmare\gamemanager.cpp(261): warning C4244: 'initializing': conversion from 'double' to 'float', possible loss of data
     1>g:\graphics_project\thenightmare\thenightmare\gamemanager.cpp(262): warning C4244: 'initializing': conversion from 'double' to 'float', possible loss of data
     1>g:\graphics_project\thenightmare\thenightmare\gamemanager.cpp(275): warning C4244: 'initializing': conversion from 'double' to 'float', possible loss of data
     1>g:\graphics_project\thenightmare\thenightmare\gamemanager.cpp(307): warning C4018: '<': signed/unsigned mismatch
       Link:
         C:\Program Files (x86)\Microsoft Visual Studio 14.0\VC\bin\link.exe /ERRORREPORT:PROMPT /OUT:"G:\graphics_project\TheNightmare\Debug\TheNightmare.exe" /INCREMENTAL /NOLOGO opengl32.lib glfw3.lib assimp.lib kernel32.lib user32.lib gdi32.lib winspool.lib comdlg32.lib advapi32.lib shell32.lib ole32.lib oleaut32.lib uuid.lib odbc32.lib odbccp32.lib /MANIFEST /MANIFESTUAC:"level='asInvoker' uiAccess='false'" /manifest:embed /Debug /PDB:"G:\graphics_project\TheNightmare\Debug\TheNightmare.pdb" /TLBID:1 /DYNAMICBASE /NXCOMPAT /IMPLIB:"G:\graphics_project\TheNightmare\Debug\TheNightmare.lib" /MACHINE:X86 Debug\Alien.obj
         Debug\Dounat.obj
         Debug\Enemy.obj
         Debug\Environment.obj
         Debug\Floor.obj
         Debug\GameManager.obj
         Debug\GameObject.obj
         Debug\glad.obj
         Debug\GrimReaper.obj
         Debug\Pika.obj
         Debug\Player.obj
         Debug\Portal.obj
         Debug\Raiden.obj
         Debug\Rocks.obj
         Debug\Sky.obj
         Debug\Source.obj
         Debug\stb_image.obj
         Debug\Tree.obj
         Debug\Wall.obj
         Debug\Wizard.obj
         TheNightmare.vcxproj -> G:\graphics_project\TheNightmare\Debug\TheNightmare.exe
     1>Done Building Project "G:\graphics_project\TheNightmare\TheNightmare\TheNightmare.vcxproj" (Build target(s)).

Build succeeded.

Time Elapsed 00:00:02.21
=======
﻿Build started 12/3/2017 5:57:04 PM.
     1>Project "C:\Users\Ahmed\Desktop\TheNightmare\TheNightmare\TheNightmare.vcxproj" on node 2 (Build target(s)).
     1>ClCompile:
         C:\Program Files (x86)\Microsoft Visual Studio 14.0\VC\bin\CL.exe /c /ZI /nologo /W3 /WX- /sdl /Od /Oy- /D _MBCS /Gm /EHsc /RTC1 /MDd /GS /fp:precise /Zc:wchar_t /Zc:forScope /Zc:inline /Fo"Debug\\" /Fd"Debug\vc140.pdb" /Gd /TP /analyze- /errorReport:prompt Source.cpp
         Source.cpp
     1>c:\users\ahmed\desktop\thenightmare\include\learnopengl\shader_m.h(53): warning C4101: 'infoLog': unreferenced local variable
     1>c:\users\ahmed\desktop\thenightmare\include\learnopengl\shader_m.h(52): warning C4101: 'success': unreferenced local variable
     1>c:\users\ahmed\desktop\thenightmare\thenightmare\source.cpp(95): warning C4244: 'initializing': conversion from 'double' to 'float', possible loss of data
     1>c:\users\ahmed\desktop\thenightmare\thenightmare\source.cpp(173): warning C4244: '=': conversion from 'double' to 'float', possible loss of data
     1>c:\users\ahmed\desktop\thenightmare\thenightmare\source.cpp(174): warning C4244: '=': conversion from 'double' to 'float', possible loss of data
     1>c:\users\ahmed\desktop\thenightmare\thenightmare\source.cpp(178): warning C4244: 'initializing': conversion from 'double' to 'float', possible loss of data
     1>c:\users\ahmed\desktop\thenightmare\thenightmare\source.cpp(179): warning C4244: 'initializing': conversion from 'double' to 'float', possible loss of data
     1>c:\users\ahmed\desktop\thenightmare\thenightmare\source.cpp(181): warning C4244: '=': conversion from 'double' to 'float', possible loss of data
     1>c:\users\ahmed\desktop\thenightmare\thenightmare\source.cpp(182): warning C4244: '=': conversion from 'double' to 'float', possible loss of data
     1>c:\users\ahmed\desktop\thenightmare\thenightmare\source.cpp(191): warning C4244: 'argument': conversion from 'double' to 'float', possible loss of data
       Link:
         C:\Program Files (x86)\Microsoft Visual Studio 14.0\VC\bin\link.exe /ERRORREPORT:PROMPT /OUT:"C:\Users\Ahmed\Desktop\TheNightmare\Debug\TheNightmare.exe" /INCREMENTAL /NOLOGO opengl32.lib glfw3.lib assimp.lib kernel32.lib user32.lib gdi32.lib winspool.lib comdlg32.lib advapi32.lib shell32.lib ole32.lib oleaut32.lib uuid.lib odbc32.lib odbccp32.lib /MANIFEST /MANIFESTUAC:"level='asInvoker' uiAccess='false'" /manifest:embed /Debug /PDB:"C:\Users\Ahmed\Desktop\TheNightmare\Debug\TheNightmare.pdb" /TLBID:1 /DYNAMICBASE /NXCOMPAT /IMPLIB:"C:\Users\Ahmed\Desktop\TheNightmare\Debug\TheNightmare.lib" /MACHINE:X86 Debug\glad.obj
         Debug\Source.obj
         Debug\stb_image.obj
         LINK : C:\Users\Ahmed\Desktop\TheNightmare\Debug\TheNightmare.exe not found or not built by the last incremental link; performing full link
         TheNightmare.vcxproj -> C:\Users\Ahmed\Desktop\TheNightmare\Debug\TheNightmare.exe
     1>Done Building Project "C:\Users\Ahmed\Desktop\TheNightmare\TheNightmare\TheNightmare.vcxproj" (Build target(s)).

Build succeeded.

Time Elapsed 00:00:02.16
>>>>>>> e786d67d9637b2e2a0077d1a6b77cdb016f87bd6
